Generated by:
python src/basic_classifiers.py --root_dir /data/pg-macocu/MT_vs_HT/experiments/8 --min_df 5 --features --use_normalized_data

=> Loading train corpus...
MT: deepl
=> Loading dev corpus...
MT: deepl

Label division:
-  ----
0  8242
1  8242
-  ----

              precision    recall  f1-score   support

           0      0.552     0.529     0.540      1498
           1      0.548     0.571     0.559      1498

    accuracy                          0.550      2996
   macro avg      0.550     0.550     0.550      2996
weighted avg      0.550     0.550     0.550      2996

/data/s4314719/.envs/py3.9.5_env/lib/python3.9/site-packages/sklearn/utils/deprecation.py:87: FutureWarning: Function get_feature_names is deprecated; get_feature_names is deprecated in 1.0 and will be removed in 1.2. Please use get_feature_names_out instead.
  warnings.warn(msg, category=FutureWarning)

Best features for 0:

are said 2.24 (14)
" proctor 2.23 (7)
book " 1.94 (5)
2010 , 1.93 (7)
per cent 1.83 (139)
almost the 1.82 (6)
be put 1.73 (8)
and later 1.69 (6)

0: are said, " proctor, book ", 2010 ,, per cent, almost the, be put, and later
