Generated by:
python src/basic_classifiers.py --root_dir /data/pg-macocu/MT_vs_HT/experiments/10 --min_df 5 --features

=> Loading train corpus...
MT: deepl
=> Loading dev corpus...
MT: deepl
/data/s4314719/.envs/py3.9.5_env/lib/python3.9/site-packages/sklearn/svm/_base.py:1206: ConvergenceWarning: Liblinear failed to converge, increase the number of iterations.
  warnings.warn(

Label division:
-  ---
0  762
1  755
-  ---

              precision    recall  f1-score   support

           0      0.733     0.786     0.759        70
           1      0.766     0.710     0.737        69

    accuracy                          0.748       139
   macro avg      0.749     0.748     0.748       139
weighted avg      0.749     0.748     0.748       139

/data/s4314719/.envs/py3.9.5_env/lib/python3.9/site-packages/sklearn/utils/deprecation.py:87: FutureWarning: Function get_feature_names is deprecated; get_feature_names is deprecated in 1.0 and will be removed in 1.2. Please use get_feature_names_out instead.
  warnings.warn(msg, category=FutureWarning)

Best features for 0:

, and 0.28 (1524)
having 0.22 (168)
out 0.18 (1132)
u.s 0.17 (137)
u.s . 0.17 (135)
going 0.17 (301)
said that 0.16 (195)
p.m. 0.16 (69)

0: , and, having, out, u.s, u.s ., going, said that, p.m.
