/data/s4314719/.envs/py3.9.5_env/lib/python3.9/site-packages/sklearn/utils/deprecation.py:87: FutureWarning: Function get_feature_names is deprecated; get_feature_names is deprecated in 1.0 and will be removed in 1.2. Please use get_feature_names_out instead.
  warnings.warn(msg, category=FutureWarning)
Generated by:
python src/basic_classifiers.py --root_dir /data/pg-macocu/MT_vs_HT/experiments/10 --min_df 5 --features --use_google_data

=> Loading train corpus...
MT: google
=> Loading dev corpus...
MT: google

Label division:
-  ---
0  755
1  755
-  ---

              precision    recall  f1-score   support

           0      0.914     0.768     0.835        69
           1      0.800     0.928     0.859        69

    accuracy                          0.848       138
   macro avg      0.857     0.848     0.847       138
weighted avg      0.857     0.848     0.847       138


Best features for 0:

meters 0.2 (86)
, 49 0.19 (5)
month - 0.19 (18)
afternoon , 0.19 (19)
- month 0.18 (42)
administration 0.18 (116)
six - 0.17 (27)
" . 0.15 (633)

0: meters, , 49, month -, afternoon ,, - month, administration, six -, " .
