/data/s4314719/.envs/py3.9.5_env/lib/python3.9/site-packages/sklearn/svm/_base.py:1206: ConvergenceWarning: Liblinear failed to converge, increase the number of iterations.
  warnings.warn(
/data/s4314719/.envs/py3.9.5_env/lib/python3.9/site-packages/sklearn/utils/deprecation.py:87: FutureWarning: Function get_feature_names is deprecated; get_feature_names is deprecated in 1.0 and will be removed in 1.2. Please use get_feature_names_out instead.
  warnings.warn(msg, category=FutureWarning)
Generated by:
python src/basic_classifiers.py --root_dir /data/pg-macocu/MT_vs_HT/experiments/8 --min_df 5 --features --use_normalized_data

=> Loading train corpus...
MT: deepl
=> Loading dev corpus...
MT: deepl

Label division:
-  ----
0  8242
1  8242
-  ----

              precision    recall  f1-score   support

           0      0.569     0.581     0.575      1498
           1      0.572     0.560     0.566      1498

    accuracy                          0.570      2996
   macro avg      0.570     0.570     0.570      2996
weighted avg      0.570     0.570     0.570      2996


Best features for 0:

` 2.18 (79)
leader , 2.13 (5)
the riders 2.06 (7)
think that 1.88 (21)
. the 1.87 (27)
consequence 1.81 (5)
and about 1.76 (8)
. in 1.75 (10)

0: `, leader ,, the riders, think that, . the, consequence, and about, . in
