/data/s4314719/.envs/py3.9.5_env/lib/python3.9/site-packages/sklearn/svm/_base.py:1206: ConvergenceWarning: Liblinear failed to converge, increase the number of iterations.
  warnings.warn(
/data/s4314719/.envs/py3.9.5_env/lib/python3.9/site-packages/sklearn/utils/deprecation.py:87: FutureWarning: Function get_feature_names is deprecated; get_feature_names is deprecated in 1.0 and will be removed in 1.2. Please use get_feature_names_out instead.
  warnings.warn(msg, category=FutureWarning)
Generated by:
python src/basic_classifiers.py --root_dir /data/pg-macocu/MT_vs_HT/experiments/8 --min_df 5 --features

=> Loading train corpus...
MT: deepl
=> Loading dev corpus...
MT: deepl

Label division:
-  ----
0  8242
1  8242
-  ----

              precision    recall  f1-score   support

           0      0.577     0.583     0.580      1498
           1      0.579     0.573     0.576      1498

    accuracy                          0.578      2996
   macro avg      0.578     0.578     0.578      2996
weighted avg      0.578     0.578     0.578      2996


Best features for 0:

` 2.26 (79)
– 2.04 (26)
leader , 2.01 (5)
the riders 1.96 (7)
think that 1.94 (21)
consequence 1.87 (5)
. the 1.86 (27)
, or 1.83 (58)

0: `, –, leader ,, the riders, think that, consequence, . the, , or
