/data/s4314719/.envs/py3.9.5_env/lib/python3.9/site-packages/sklearn/svm/_base.py:1206: ConvergenceWarning: Liblinear failed to converge, increase the number of iterations.
  warnings.warn(
/data/s4314719/.envs/py3.9.5_env/lib/python3.9/site-packages/sklearn/utils/deprecation.py:87: FutureWarning: Function get_feature_names is deprecated; get_feature_names is deprecated in 1.0 and will be removed in 1.2. Please use get_feature_names_out instead.
  warnings.warn(msg, category=FutureWarning)
Generated by:
python src/basic_classifiers.py --root_dir /data/pg-macocu/MT_vs_HT/experiments/10 --min_df 5 --features

=> Loading train corpus...
MT: deepl
=> Loading dev corpus...
MT: deepl

Label division:
-  ---
0  755
1  762
-  ---

              precision    recall  f1-score   support

           0      0.766     0.710     0.737        69
           1      0.733     0.786     0.759        70

    accuracy                          0.748       139
   macro avg      0.749     0.748     0.748       139
weighted avg      0.749     0.748     0.748       139


Best features for 0:

, a 0.23 (1074)
, as 0.19 (482)
, but 0.17 (1160)
per 0.17 (573)
about 0.16 (1636)
by a 0.16 (244)
" . 0.15 (683)
said , 0.15 (259)

0: , a, , as, , but, per, about, by a, " ., said ,
