/data/s4314719/.envs/py3.9.5_env/lib/python3.9/site-packages/sklearn/svm/_base.py:1206: ConvergenceWarning: Liblinear failed to converge, increase the number of iterations.
  warnings.warn(
/data/s4314719/.envs/py3.9.5_env/lib/python3.9/site-packages/sklearn/utils/deprecation.py:87: FutureWarning: Function get_feature_names is deprecated; get_feature_names is deprecated in 1.0 and will be removed in 1.2. Please use get_feature_names_out instead.
  warnings.warn(msg, category=FutureWarning)
Generated by:
python src/basic_classifiers.py --root_dir /data/pg-macocu/MT_vs_HT/experiments/8 --min_df 5 --features --use_normalized_data

=> Loading train corpus...
MT: deepl
=> Loading dev corpus...
MT: deepl

Label division:
-  ----
0  8242
1  8242
-  ----

              precision    recall  f1-score   support

           0      0.572     0.560     0.566      1498
           1      0.569     0.580     0.574      1498

    accuracy                          0.570      2996
   macro avg      0.570     0.570     0.570      2996
weighted avg      0.570     0.570     0.570      2996


Best features for 0:

in view 2.15 (23)
now have 1.85 (9)
trucks 1.85 (5)
be put 1.83 (8)
the aim 1.81 (11)
has put 1.79 (9)
pages 1.71 (6)
above all 1.69 (28)

0: in view, now have, trucks, be put, the aim, has put, pages, above all
