/data/s4314719/.envs/py3.9.5_env/lib/python3.9/site-packages/sklearn/svm/_base.py:1206: ConvergenceWarning: Liblinear failed to converge, increase the number of iterations.
  warnings.warn(
/data/s4314719/.envs/py3.9.5_env/lib/python3.9/site-packages/sklearn/utils/deprecation.py:87: FutureWarning: Function get_feature_names is deprecated; get_feature_names is deprecated in 1.0 and will be removed in 1.2. Please use get_feature_names_out instead.
  warnings.warn(msg, category=FutureWarning)
Generated by:
python src/basic_classifiers.py --root_dir /data/pg-macocu/MT_vs_HT/experiments/8 --min_df 5 --features

=> Loading train corpus...
MT: deepl
=> Loading dev corpus...
MT: deepl

Label division:
-  ----
0  8242
1  8242
-  ----

              precision    recall  f1-score   support

           0      0.578     0.573     0.576      1498
           1      0.577     0.582     0.580      1498

    accuracy                          0.578      2996
   macro avg      0.578     0.578     0.578      2996
weighted avg      0.578     0.578     0.578      2996


Best features for 0:

in view 2.07 (23)
trucks 1.84 (5)
has put 1.83 (9)
the aim 1.8 (11)
now have 1.76 (9)
be put 1.75 (8)
almost the 1.67 (6)
above all 1.66 (28)

0: in view, trucks, has put, the aim, now have, be put, almost the, above all
