/data/s4314719/.envs/py3.9.5_env/lib/python3.9/site-packages/sklearn/utils/deprecation.py:87: FutureWarning: Function get_feature_names is deprecated; get_feature_names is deprecated in 1.0 and will be removed in 1.2. Please use get_feature_names_out instead.
  warnings.warn(msg, category=FutureWarning)
Generated by:
python src/basic_classifiers.py --root_dir /data/pg-macocu/MT_vs_HT/experiments/8 --min_df 5 --features

=> Loading train corpus...
MT: deepl
=> Loading dev corpus...
MT: deepl

Label division:
-  ----
0  8242
1  8242
-  ----

              precision    recall  f1-score   support

           0      0.553     0.583     0.567      1498
           1      0.559     0.528     0.543      1498

    accuracy                          0.555      2996
   macro avg      0.556     0.555     0.555      2996
weighted avg      0.556     0.555     0.555      2996


Best features for 0:

the riders 2.31 (7)
the 2015 1.9 (7)
consequently , 1.88 (9)
projects , 1.78 (5)
. the 1.76 (27)
life " 1.75 (7)
- weiss 1.73 (6)
a part 1.72 (8)

0: the riders, the 2015, consequently ,, projects ,, . the, life ", - weiss, a part
