/data/s4314719/.envs/py3.9.5_env/lib/python3.9/site-packages/sklearn/utils/deprecation.py:87: FutureWarning: Function get_feature_names is deprecated; get_feature_names is deprecated in 1.0 and will be removed in 1.2. Please use get_feature_names_out instead.
  warnings.warn(msg, category=FutureWarning)
Generated by:
python src/basic_classifiers.py --root_dir /data/pg-macocu/MT_vs_HT/experiments/8 --min_df 5 --features

=> Loading train corpus...
MT: deepl
=> Loading dev corpus...
MT: deepl

Label division:
-  ----
0  8242
1  8242
-  ----

              precision    recall  f1-score   support

           0      0.559     0.528     0.543      1498
           1      0.553     0.583     0.567      1498

    accuracy                          0.555      2996
   macro avg      0.556     0.555     0.555      2996
weighted avg      0.556     0.555     0.555      2996


Best features for 0:

are said 2.25 (14)
" proctor 2.25 (6)
2010 , 1.98 (7)
per cent 1.86 (139)
almost the 1.76 (6)
the flat 1.72 (13)
in view 1.69 (23)
with industry 1.69 (5)

0: are said, " proctor, 2010 ,, per cent, almost the, the flat, in view, with industry
