/data/s4314719/.envs/py3.9.5_env/lib/python3.9/site-packages/sklearn/utils/deprecation.py:87: FutureWarning: Function get_feature_names is deprecated; get_feature_names is deprecated in 1.0 and will be removed in 1.2. Please use get_feature_names_out instead.
  warnings.warn(msg, category=FutureWarning)
Generated by:
python src/basic_classifiers.py --root_dir /data/pg-macocu/MT_vs_HT/experiments/8 --min_df 5 --features --use_normalized_data

=> Loading train corpus...
MT: deepl
=> Loading dev corpus...
MT: deepl

Label division:
-  ----
0  8242
1  8242
-  ----

              precision    recall  f1-score   support

           0      0.549     0.569     0.559      1498
           1      0.552     0.531     0.542      1498

    accuracy                          0.550      2996
   macro avg      0.550     0.550     0.550      2996
weighted avg      0.550     0.550     0.550      2996


Best features for 0:

the riders 2.45 (7)
consequently , 1.94 (9)
the 2015 1.87 (7)
. the 1.78 (27)
projects , 1.77 (5)
the hunting 1.76 (9)
a part 1.76 (8)
as for 1.75 (7)

0: the riders, consequently ,, the 2015, . the, projects ,, the hunting, a part, as for
