/data/s4314719/.envs/py3.9.5_env/lib/python3.9/site-packages/sklearn/svm/_base.py:1206: ConvergenceWarning: Liblinear failed to converge, increase the number of iterations.
  warnings.warn(
/data/s4314719/.envs/py3.9.5_env/lib/python3.9/site-packages/sklearn/utils/deprecation.py:87: FutureWarning: Function get_feature_names is deprecated; get_feature_names is deprecated in 1.0 and will be removed in 1.2. Please use get_feature_names_out instead.
  warnings.warn(msg, category=FutureWarning)
Generated by:
python src/basic_classifiers.py --root_dir /data/pg-macocu/MT_vs_HT/experiments/8 --min_df 5 --features --use_normalized_data

=> Loading train corpus...
MT: deepl
=> Loading dev corpus...
MT: deepl

Label division:
-  ----
0  8242
1  8242
-  ----

              precision    recall  f1-score   support

           0      0.542     0.533     0.537      1498
           1      0.540     0.549     0.545      1498

    accuracy                          0.541      2996
   macro avg      0.541     0.541     0.541      2996
weighted avg      0.541     0.541     0.541      2996


Best features for 0:

olympiakos 1.71 (6)
affair 1.64 (12)
forsa 1.59 (6)
rays 1.55 (5)
rival 1.52 (6)
disclosure 1.49 (6)
jury 1.47 (5)
succeed 1.47 (6)

0: olympiakos, affair, forsa, rays, rival, disclosure, jury, succeed
