/data/s4314719/.envs/py3.9.5_env/lib/python3.9/site-packages/sklearn/svm/_base.py:1206: ConvergenceWarning: Liblinear failed to converge, increase the number of iterations.
  warnings.warn(
/data/s4314719/.envs/py3.9.5_env/lib/python3.9/site-packages/sklearn/utils/deprecation.py:87: FutureWarning: Function get_feature_names is deprecated; get_feature_names is deprecated in 1.0 and will be removed in 1.2. Please use get_feature_names_out instead.
  warnings.warn(msg, category=FutureWarning)
Generated by:
python src/basic_classifiers.py --root_dir /data/pg-macocu/MT_vs_HT/experiments/8 --min_df 5 --features --use_normalized_data

=> Loading train corpus...
MT: deepl
=> Loading dev corpus...
MT: deepl

Label division:
-  ----
0  8242
1  8242
-  ----

              precision    recall  f1-score   support

           0      0.543     0.558     0.550      1498
           1      0.545     0.530     0.538      1498

    accuracy                          0.544      2996
   macro avg      0.544     0.544     0.544      2996
weighted avg      0.544     0.544     0.544      2996


Best features for 0:

u.s 1.88 (10)
program 1.78 (10)
nearly 1.78 (10)
anticipated 1.74 (6)
everybody 1.72 (6)
premier 1.69 (9)
lamas 1.68 (7)
weiss 1.66 (6)

0: u.s, program, nearly, anticipated, everybody, premier, lamas, weiss
